2015-11-10 06:09:32 Error: Fatal Error (4): syntax error, unexpected ''empty'' (T_CONSTANT_ENCAPSED_STRING), expecting ')' in [C:\xampp\htdocs\cakephp\src\Template\Pizza\add.ctp, line 14]
Trace:
Cake\Error\BaseErrorHandler::handleFatalError() - CORE\src\Error\BaseErrorHandler.php, line 191
Cake\Error\BaseErrorHandler::Cake\Error\{closure}() - CORE\src\Error\BaseErrorHandler.php, line 90
[main] - [internal], line ??



2015-11-10 06:09:33 Error: [Cake\Error\FatalErrorException] syntax error, unexpected ''empty'' (T_CONSTANT_ENCAPSED_STRING), expecting ')'
Request URL: /cakephp/pizza/add
Stack Trace:
#0 C:\xampp\htdocs\cakephp\vendor\cakephp\cakephp\src\Error\BaseErrorHandler.php(90): Cake\Error\BaseErrorHandler->handleFatalError(4, 'syntax error, u...', 'C:\\xampp\\htdocs...', 14)
#1 [internal function]: Cake\Error\BaseErrorHandler->Cake\Error\{closure}()
#2 {main}


2015-11-10 06:15:36 Error: Fatal Error (4): syntax error, unexpected 'array' (T_ARRAY) in [C:\xampp\htdocs\cakephp\src\Template\Pizza\add.ctp, line 16]
Trace:
Cake\Error\BaseErrorHandler::handleFatalError() - CORE\src\Error\BaseErrorHandler.php, line 191
Cake\Error\BaseErrorHandler::Cake\Error\{closure}() - CORE\src\Error\BaseErrorHandler.php, line 90
[main] - [internal], line ??



2015-11-10 06:15:37 Error: [Cake\Error\FatalErrorException] syntax error, unexpected 'array' (T_ARRAY)
Request URL: /cakephp/pizza/add
Stack Trace:
#0 C:\xampp\htdocs\cakephp\vendor\cakephp\cakephp\src\Error\BaseErrorHandler.php(90): Cake\Error\BaseErrorHandler->handleFatalError(4, 'syntax error, u...', 'C:\\xampp\\htdocs...', 16)
#1 [internal function]: Cake\Error\BaseErrorHandler->Cake\Error\{closure}()
#2 {main}


2015-11-10 06:35:55 Error: Fatal Error (4): syntax error, unexpected ';' in [C:\xampp\htdocs\cakephp\src\Template\Pizza\add.ctp, line 20]
Trace:
Cake\Error\BaseErrorHandler::handleFatalError() - CORE\src\Error\BaseErrorHandler.php, line 191
Cake\Error\BaseErrorHandler::Cake\Error\{closure}() - CORE\src\Error\BaseErrorHandler.php, line 90
[main] - [internal], line ??



2015-11-10 06:35:55 Error: [Cake\Error\FatalErrorException] syntax error, unexpected ';'
Request URL: /cakephp/pizza/add
Stack Trace:
#0 C:\xampp\htdocs\cakephp\vendor\cakephp\cakephp\src\Error\BaseErrorHandler.php(90): Cake\Error\BaseErrorHandler->handleFatalError(4, 'syntax error, u...', 'C:\\xampp\\htdocs...', 20)
#1 [internal function]: Cake\Error\BaseErrorHandler->Cake\Error\{closure}()
#2 {main}


2015-11-10 06:36:47 Error: Fatal Error (4): syntax error, unexpected ';' in [C:\xampp\htdocs\cakephp\src\Template\Pizza\add.ctp, line 20]
Trace:
Cake\Error\BaseErrorHandler::handleFatalError() - CORE\src\Error\BaseErrorHandler.php, line 191
Cake\Error\BaseErrorHandler::Cake\Error\{closure}() - CORE\src\Error\BaseErrorHandler.php, line 90
[main] - [internal], line ??



2015-11-10 06:36:48 Error: [Cake\Error\FatalErrorException] syntax error, unexpected ';'
Request URL: /cakephp/pizza/add
Stack Trace:
#0 C:\xampp\htdocs\cakephp\vendor\cakephp\cakephp\src\Error\BaseErrorHandler.php(90): Cake\Error\BaseErrorHandler->handleFatalError(4, 'syntax error, u...', 'C:\\xampp\\htdocs...', 20)
#1 [internal function]: Cake\Error\BaseErrorHandler->Cake\Error\{closure}()
#2 {main}


2015-11-10 06:36:55 Error: Fatal Error (4): syntax error, unexpected 'echo' (T_ECHO) in [C:\xampp\htdocs\cakephp\src\Template\Pizza\add.ctp, line 21]
Trace:
Cake\Error\BaseErrorHandler::handleFatalError() - CORE\src\Error\BaseErrorHandler.php, line 191
Cake\Error\BaseErrorHandler::Cake\Error\{closure}() - CORE\src\Error\BaseErrorHandler.php, line 90
[main] - [internal], line ??



2015-11-10 06:36:56 Error: [Cake\Error\FatalErrorException] syntax error, unexpected 'echo' (T_ECHO)
Request URL: /cakephp/pizza/add
Stack Trace:
#0 C:\xampp\htdocs\cakephp\vendor\cakephp\cakephp\src\Error\BaseErrorHandler.php(90): Cake\Error\BaseErrorHandler->handleFatalError(4, 'syntax error, u...', 'C:\\xampp\\htdocs...', 21)
#1 [internal function]: Cake\Error\BaseErrorHandler->Cake\Error\{closure}()
#2 {main}


2015-11-10 06:40:29 Error: Fatal Error (4): syntax error, unexpected ')' in [C:\xampp\htdocs\cakephp\src\Template\Pizza\add.ctp, line 19]
Trace:
Cake\Error\BaseErrorHandler::handleFatalError() - CORE\src\Error\BaseErrorHandler.php, line 191
Cake\Error\BaseErrorHandler::Cake\Error\{closure}() - CORE\src\Error\BaseErrorHandler.php, line 90
[main] - [internal], line ??



2015-11-10 06:40:29 Error: [Cake\Error\FatalErrorException] syntax error, unexpected ')'
Request URL: /cakephp/pizza/add
Stack Trace:
#0 C:\xampp\htdocs\cakephp\vendor\cakephp\cakephp\src\Error\BaseErrorHandler.php(90): Cake\Error\BaseErrorHandler->handleFatalError(4, 'syntax error, u...', 'C:\\xampp\\htdocs...', 19)
#1 [internal function]: Cake\Error\BaseErrorHandler->Cake\Error\{closure}()
#2 {main}


2015-11-10 06:41:33 Error: Fatal Error (4): syntax error, unexpected '=', expecting ']' in [C:\xampp\htdocs\cakephp\src\Template\Pizza\add.ctp, line 19]
Trace:
Cake\Error\BaseErrorHandler::handleFatalError() - CORE\src\Error\BaseErrorHandler.php, line 191
Cake\Error\BaseErrorHandler::Cake\Error\{closure}() - CORE\src\Error\BaseErrorHandler.php, line 90
[main] - [internal], line ??



2015-11-10 06:41:34 Error: [Cake\Error\FatalErrorException] syntax error, unexpected '=', expecting ']'
Request URL: /cakephp/pizza/add
Stack Trace:
#0 C:\xampp\htdocs\cakephp\vendor\cakephp\cakephp\src\Error\BaseErrorHandler.php(90): Cake\Error\BaseErrorHandler->handleFatalError(4, 'syntax error, u...', 'C:\\xampp\\htdocs...', 19)
#1 [internal function]: Cake\Error\BaseErrorHandler->Cake\Error\{closure}()
#2 {main}


2015-11-10 06:42:32 Error: Fatal Error (4): syntax error, unexpected '=', expecting ']' in [C:\xampp\htdocs\cakephp\src\Template\Pizza\add.ctp, line 19]
Trace:
Cake\Error\BaseErrorHandler::handleFatalError() - CORE\src\Error\BaseErrorHandler.php, line 191
Cake\Error\BaseErrorHandler::Cake\Error\{closure}() - CORE\src\Error\BaseErrorHandler.php, line 90
[main] - [internal], line ??



2015-11-10 06:42:32 Error: [Cake\Error\FatalErrorException] syntax error, unexpected '=', expecting ']'
Request URL: /cakephp/pizza/add
Stack Trace:
#0 C:\xampp\htdocs\cakephp\vendor\cakephp\cakephp\src\Error\BaseErrorHandler.php(90): Cake\Error\BaseErrorHandler->handleFatalError(4, 'syntax error, u...', 'C:\\xampp\\htdocs...', 19)
#1 [internal function]: Cake\Error\BaseErrorHandler->Cake\Error\{closure}()
#2 {main}


2015-11-10 06:42:34 Error: Fatal Error (4): syntax error, unexpected '=', expecting ']' in [C:\xampp\htdocs\cakephp\src\Template\Pizza\add.ctp, line 19]
Trace:
Cake\Error\BaseErrorHandler::handleFatalError() - CORE\src\Error\BaseErrorHandler.php, line 191
Cake\Error\BaseErrorHandler::Cake\Error\{closure}() - CORE\src\Error\BaseErrorHandler.php, line 90
[main] - [internal], line ??



2015-11-10 06:42:35 Error: [Cake\Error\FatalErrorException] syntax error, unexpected '=', expecting ']'
Request URL: /cakephp/pizza/add
Stack Trace:
#0 C:\xampp\htdocs\cakephp\vendor\cakephp\cakephp\src\Error\BaseErrorHandler.php(90): Cake\Error\BaseErrorHandler->handleFatalError(4, 'syntax error, u...', 'C:\\xampp\\htdocs...', 19)
#1 [internal function]: Cake\Error\BaseErrorHandler->Cake\Error\{closure}()
#2 {main}


2015-11-10 06:42:36 Error: Fatal Error (4): syntax error, unexpected '=', expecting ']' in [C:\xampp\htdocs\cakephp\src\Template\Pizza\add.ctp, line 19]
Trace:
Cake\Error\BaseErrorHandler::handleFatalError() - CORE\src\Error\BaseErrorHandler.php, line 191
Cake\Error\BaseErrorHandler::Cake\Error\{closure}() - CORE\src\Error\BaseErrorHandler.php, line 90
[main] - [internal], line ??



2015-11-10 06:42:37 Error: [Cake\Error\FatalErrorException] syntax error, unexpected '=', expecting ']'
Request URL: /cakephp/pizza/add
Stack Trace:
#0 C:\xampp\htdocs\cakephp\vendor\cakephp\cakephp\src\Error\BaseErrorHandler.php(90): Cake\Error\BaseErrorHandler->handleFatalError(4, 'syntax error, u...', 'C:\\xampp\\htdocs...', 19)
#1 [internal function]: Cake\Error\BaseErrorHandler->Cake\Error\{closure}()
#2 {main}


2015-11-10 06:43:05 Error: Fatal Error (4): syntax error, unexpected '=', expecting ']' in [C:\xampp\htdocs\cakephp\src\Template\Pizza\add.ctp, line 19]
Trace:
Cake\Error\BaseErrorHandler::handleFatalError() - CORE\src\Error\BaseErrorHandler.php, line 191
Cake\Error\BaseErrorHandler::Cake\Error\{closure}() - CORE\src\Error\BaseErrorHandler.php, line 90
[main] - [internal], line ??



2015-11-10 06:43:06 Error: [Cake\Error\FatalErrorException] syntax error, unexpected '=', expecting ']'
Request URL: /cakephp/pizza/add
Stack Trace:
#0 C:\xampp\htdocs\cakephp\vendor\cakephp\cakephp\src\Error\BaseErrorHandler.php(90): Cake\Error\BaseErrorHandler->handleFatalError(4, 'syntax error, u...', 'C:\\xampp\\htdocs...', 19)
#1 [internal function]: Cake\Error\BaseErrorHandler->Cake\Error\{closure}()
#2 {main}


2015-11-10 06:43:07 Error: Fatal Error (4): syntax error, unexpected '=', expecting ']' in [C:\xampp\htdocs\cakephp\src\Template\Pizza\add.ctp, line 19]
Trace:
Cake\Error\BaseErrorHandler::handleFatalError() - CORE\src\Error\BaseErrorHandler.php, line 191
Cake\Error\BaseErrorHandler::Cake\Error\{closure}() - CORE\src\Error\BaseErrorHandler.php, line 90
[main] - [internal], line ??



2015-11-10 06:43:07 Error: Fatal Error (4): syntax error, unexpected '=', expecting ']' in [C:\xampp\htdocs\cakephp\src\Template\Pizza\add.ctp, line 19]
Trace:
Cake\Error\BaseErrorHandler::handleFatalError() - CORE\src\Error\BaseErrorHandler.php, line 191
Cake\Error\BaseErrorHandler::Cake\Error\{closure}() - CORE\src\Error\BaseErrorHandler.php, line 90
[main] - [internal], line ??



2015-11-10 06:43:07 Error: Fatal Error (4): syntax error, unexpected '=', expecting ']' in [C:\xampp\htdocs\cakephp\src\Template\Pizza\add.ctp, line 19]
Trace:
Cake\Error\BaseErrorHandler::handleFatalError() - CORE\src\Error\BaseErrorHandler.php, line 191
Cake\Error\BaseErrorHandler::Cake\Error\{closure}() - CORE\src\Error\BaseErrorHandler.php, line 90
[main] - [internal], line ??



2015-11-10 06:43:07 Error: [Cake\Error\FatalErrorException] syntax error, unexpected '=', expecting ']'
Request URL: /cakephp/pizza/add
Stack Trace:
#0 C:\xampp\htdocs\cakephp\vendor\cakephp\cakephp\src\Error\BaseErrorHandler.php(90): Cake\Error\BaseErrorHandler->handleFatalError(4, 'syntax error, u...', 'C:\\xampp\\htdocs...', 19)
#1 [internal function]: Cake\Error\BaseErrorHandler->Cake\Error\{closure}()
#2 {main}


2015-11-10 06:43:07 Error: Fatal Error (4): syntax error, unexpected '=', expecting ']' in [C:\xampp\htdocs\cakephp\src\Template\Pizza\add.ctp, line 19]
Trace:
Cake\Error\BaseErrorHandler::handleFatalError() - CORE\src\Error\BaseErrorHandler.php, line 191
Cake\Error\BaseErrorHandler::Cake\Error\{closure}() - CORE\src\Error\BaseErrorHandler.php, line 90
[main] - [internal], line ??



2015-11-10 06:43:08 Error: [Cake\Error\FatalErrorException] syntax error, unexpected '=', expecting ']'
Request URL: /cakephp/pizza/add
Stack Trace:
#0 C:\xampp\htdocs\cakephp\vendor\cakephp\cakephp\src\Error\BaseErrorHandler.php(90): Cake\Error\BaseErrorHandler->handleFatalError(4, 'syntax error, u...', 'C:\\xampp\\htdocs...', 19)
#1 [internal function]: Cake\Error\BaseErrorHandler->Cake\Error\{closure}()
#2 {main}


2015-11-10 06:43:08 Error: [Cake\Error\FatalErrorException] syntax error, unexpected '=', expecting ']'
Request URL: /cakephp/pizza/add
Stack Trace:
#0 C:\xampp\htdocs\cakephp\vendor\cakephp\cakephp\src\Error\BaseErrorHandler.php(90): Cake\Error\BaseErrorHandler->handleFatalError(4, 'syntax error, u...', 'C:\\xampp\\htdocs...', 19)
#1 [internal function]: Cake\Error\BaseErrorHandler->Cake\Error\{closure}()
#2 {main}


2015-11-10 06:43:08 Error: [Cake\Error\FatalErrorException] syntax error, unexpected '=', expecting ']'
Request URL: /cakephp/pizza/add
Stack Trace:
#0 C:\xampp\htdocs\cakephp\vendor\cakephp\cakephp\src\Error\BaseErrorHandler.php(90): Cake\Error\BaseErrorHandler->handleFatalError(4, 'syntax error, u...', 'C:\\xampp\\htdocs...', 19)
#1 [internal function]: Cake\Error\BaseErrorHandler->Cake\Error\{closure}()
#2 {main}


2015-11-10 06:50:06 Error: Fatal Error (4): syntax error, unexpected ';' in [C:\xampp\htdocs\cakephp\src\Template\Pizza\add.ctp, line 23]
Trace:
Cake\Error\BaseErrorHandler::handleFatalError() - CORE\src\Error\BaseErrorHandler.php, line 191
Cake\Error\BaseErrorHandler::Cake\Error\{closure}() - CORE\src\Error\BaseErrorHandler.php, line 90
[main] - [internal], line ??



2015-11-10 06:50:07 Error: [Cake\Error\FatalErrorException] syntax error, unexpected ';'
Request URL: /cakephp/pizza/add
Stack Trace:
#0 C:\xampp\htdocs\cakephp\vendor\cakephp\cakephp\src\Error\BaseErrorHandler.php(90): Cake\Error\BaseErrorHandler->handleFatalError(4, 'syntax error, u...', 'C:\\xampp\\htdocs...', 23)
#1 [internal function]: Cake\Error\BaseErrorHandler->Cake\Error\{closure}()
#2 {main}


